2020-02-14 13:54:19.459  INFO 3936 --- [restartedMain] com.nzh.community.CommunityApplication   : Starting CommunityApplication on MACHENI-6OF44MF with PID 3936 (D:\java_project\community\target\classes started by AaronNZH in D:\java_project\community)
2020-02-14 13:54:19.462  INFO 3936 --- [restartedMain] com.nzh.community.CommunityApplication   : No active profile set, falling back to default profiles: default
2020-02-14 13:54:19.504  INFO 3936 --- [restartedMain] .e.DevToolsPropertyDefaultsPostProcessor : Devtools property defaults active! Set 'spring.devtools.add-properties' to 'false' to disable
2020-02-14 13:54:19.513  INFO 3936 --- [restartedMain] .e.DevToolsPropertyDefaultsPostProcessor : For additional web related logging consider setting the 'logging.level.web' property to 'DEBUG'
2020-02-14 13:54:20.315  INFO 3936 --- [restartedMain] o.s.b.w.embedded.tomcat.TomcatWebServer  : Tomcat initialized with port(s): 8887 (http)
2020-02-14 13:54:20.321  INFO 3936 --- [restartedMain] o.apache.catalina.core.StandardService   : Starting service [Tomcat]
2020-02-14 13:54:20.322  INFO 3936 --- [restartedMain] org.apache.catalina.core.StandardEngine  : Starting Servlet engine: [Apache Tomcat/9.0.30]
2020-02-14 13:54:20.378  INFO 3936 --- [restartedMain] o.a.c.c.C.[Tomcat].[localhost].[/]       : Initializing Spring embedded WebApplicationContext
2020-02-14 13:54:20.378  INFO 3936 --- [restartedMain] o.s.web.context.ContextLoader            : Root WebApplicationContext: initialization completed in 865 ms
2020-02-14 13:54:20.404  INFO 3936 --- [restartedMain] com.zaxxer.hikari.HikariDataSource       : HikariPool-1 - Starting...
2020-02-14 13:54:20.493  INFO 3936 --- [restartedMain] com.zaxxer.hikari.HikariDataSource       : HikariPool-1 - Start completed.
2020-02-14 13:54:20.497  INFO 3936 --- [restartedMain] o.s.b.a.h2.H2ConsoleAutoConfiguration    : H2 console available at '/h2-console'. Database available at 'jdbc:h2:~/community'
2020-02-14 13:54:20.867  INFO 3936 --- [restartedMain] o.s.s.concurrent.ThreadPoolTaskExecutor  : Initializing ExecutorService 'applicationTaskExecutor'
2020-02-14 13:54:20.907  INFO 3936 --- [restartedMain] o.s.b.a.w.s.WelcomePageHandlerMapping    : Adding welcome page template: index
2020-02-14 13:54:21.038  INFO 3936 --- [restartedMain] o.s.b.d.a.OptionalLiveReloadServer       : LiveReload server is running on port 35729
2020-02-14 13:54:21.072  INFO 3936 --- [restartedMain] o.s.b.w.embedded.tomcat.TomcatWebServer  : Tomcat started on port(s): 8887 (http) with context path ''
2020-02-14 13:54:21.074  INFO 3936 --- [restartedMain] com.nzh.community.CommunityApplication   : Started CommunityApplication in 1.91 seconds (JVM running for 2.83)
2020-02-14 14:09:12.135  INFO 3936 --- [Thread-10] o.s.s.concurrent.ThreadPoolTaskExecutor  : Shutting down ExecutorService 'applicationTaskExecutor'
2020-02-14 14:09:12.136  INFO 3936 --- [Thread-10] com.zaxxer.hikari.HikariDataSource       : HikariPool-1 - Shutdown initiated...
2020-02-14 14:09:12.342  INFO 3936 --- [Thread-10] com.zaxxer.hikari.HikariDataSource       : HikariPool-1 - Shutdown completed.
2020-02-14 14:09:12.841  INFO 3936 --- [restartedMain] com.nzh.community.CommunityApplication   : Starting CommunityApplication on MACHENI-6OF44MF with PID 3936 (D:\java_project\community\target\classes started by AaronNZH in D:\java_project\community)
2020-02-14 14:09:12.841  INFO 3936 --- [restartedMain] com.nzh.community.CommunityApplication   : No active profile set, falling back to default profiles: default
2020-02-14 14:09:13.058  INFO 3936 --- [restartedMain] o.s.b.w.embedded.tomcat.TomcatWebServer  : Tomcat initialized with port(s): 8887 (http)
2020-02-14 14:09:13.059  INFO 3936 --- [restartedMain] o.apache.catalina.core.StandardService   : Starting service [Tomcat]
2020-02-14 14:09:13.059  INFO 3936 --- [restartedMain] org.apache.catalina.core.StandardEngine  : Starting Servlet engine: [Apache Tomcat/9.0.30]
2020-02-14 14:09:13.078  INFO 3936 --- [restartedMain] o.a.c.c.C.[Tomcat].[localhost].[/]       : Initializing Spring embedded WebApplicationContext
2020-02-14 14:09:13.079  INFO 3936 --- [restartedMain] o.s.web.context.ContextLoader            : Root WebApplicationContext: initialization completed in 236 ms
2020-02-14 14:09:13.089  INFO 3936 --- [restartedMain] com.zaxxer.hikari.HikariDataSource       : HikariPool-2 - Starting...
2020-02-14 14:09:13.095  INFO 3936 --- [restartedMain] com.zaxxer.hikari.HikariDataSource       : HikariPool-2 - Start completed.
2020-02-14 14:09:13.095  INFO 3936 --- [restartedMain] o.s.b.a.h2.H2ConsoleAutoConfiguration    : H2 console available at '/h2-console'. Database available at 'jdbc:h2:~/community'
2020-02-14 14:09:13.207  INFO 3936 --- [restartedMain] o.s.s.concurrent.ThreadPoolTaskExecutor  : Initializing ExecutorService 'applicationTaskExecutor'
2020-02-14 14:09:13.217  INFO 3936 --- [restartedMain] o.s.b.a.w.s.WelcomePageHandlerMapping    : Adding welcome page template: index
2020-02-14 14:09:13.300  INFO 3936 --- [restartedMain] o.s.b.d.a.OptionalLiveReloadServer       : LiveReload server is running on port 35729
2020-02-14 14:09:13.309  INFO 3936 --- [restartedMain] o.s.b.w.embedded.tomcat.TomcatWebServer  : Tomcat started on port(s): 8887 (http) with context path ''
2020-02-14 14:09:13.310  INFO 3936 --- [restartedMain] com.nzh.community.CommunityApplication   : Started CommunityApplication in 0.488 seconds (JVM running for 895.065)
2020-02-14 14:09:13.311  INFO 3936 --- [restartedMain] .ConditionEvaluationDeltaLoggingListener : Condition evaluation unchanged
2020-02-14 14:32:53.751  INFO 3936 --- [Thread-17] o.s.s.concurrent.ThreadPoolTaskExecutor  : Shutting down ExecutorService 'applicationTaskExecutor'
2020-02-14 14:32:53.752  INFO 3936 --- [Thread-17] com.zaxxer.hikari.HikariDataSource       : HikariPool-2 - Shutdown initiated...
2020-02-14 14:32:53.960  INFO 3936 --- [Thread-17] com.zaxxer.hikari.HikariDataSource       : HikariPool-2 - Shutdown completed.
2020-02-14 14:32:54.474  INFO 3936 --- [restartedMain] com.nzh.community.CommunityApplication   : Starting CommunityApplication on MACHENI-6OF44MF with PID 3936 (D:\java_project\community\target\classes started by AaronNZH in D:\java_project\community)
2020-02-14 14:32:54.475  INFO 3936 --- [restartedMain] com.nzh.community.CommunityApplication   : No active profile set, falling back to default profiles: default
2020-02-14 14:32:54.674  INFO 3936 --- [restartedMain] o.s.b.w.embedded.tomcat.TomcatWebServer  : Tomcat initialized with port(s): 8887 (http)
2020-02-14 14:32:54.675  INFO 3936 --- [restartedMain] o.apache.catalina.core.StandardService   : Starting service [Tomcat]
2020-02-14 14:32:54.675  INFO 3936 --- [restartedMain] org.apache.catalina.core.StandardEngine  : Starting Servlet engine: [Apache Tomcat/9.0.30]
2020-02-14 14:32:54.698  INFO 3936 --- [restartedMain] o.a.c.c.C.[Tomcat].[localhost].[/]       : Initializing Spring embedded WebApplicationContext
2020-02-14 14:32:54.698  INFO 3936 --- [restartedMain] o.s.web.context.ContextLoader            : Root WebApplicationContext: initialization completed in 221 ms
2020-02-14 14:32:54.715  INFO 3936 --- [restartedMain] com.zaxxer.hikari.HikariDataSource       : HikariPool-3 - Starting...
2020-02-14 14:32:54.722  INFO 3936 --- [restartedMain] com.zaxxer.hikari.HikariDataSource       : HikariPool-3 - Start completed.
2020-02-14 14:32:54.723  INFO 3936 --- [restartedMain] o.s.b.a.h2.H2ConsoleAutoConfiguration    : H2 console available at '/h2-console'. Database available at 'jdbc:h2:~/community'
2020-02-14 14:32:54.887  INFO 3936 --- [restartedMain] o.s.s.concurrent.ThreadPoolTaskExecutor  : Initializing ExecutorService 'applicationTaskExecutor'
2020-02-14 14:32:54.899  INFO 3936 --- [restartedMain] o.s.b.a.w.s.WelcomePageHandlerMapping    : Adding welcome page template: index
2020-02-14 14:32:54.991  INFO 3936 --- [restartedMain] o.s.b.d.a.OptionalLiveReloadServer       : LiveReload server is running on port 35729
2020-02-14 14:32:55.004  INFO 3936 --- [restartedMain] o.s.b.w.embedded.tomcat.TomcatWebServer  : Tomcat started on port(s): 8887 (http) with context path ''
2020-02-14 14:32:55.005  INFO 3936 --- [restartedMain] com.nzh.community.CommunityApplication   : Started CommunityApplication in 0.55 seconds (JVM running for 2316.76)
2020-02-14 14:32:55.007  INFO 3936 --- [restartedMain] .ConditionEvaluationDeltaLoggingListener : Condition evaluation unchanged
